2019-04-10 15:48:34 [scrapy.utils.log] INFO: Scrapy 1.6.0 started (bot: CSDN)
2019-04-10 15:48:34 [scrapy.utils.log] INFO: Versions: lxml 3.5.0.0, libxml2 2.9.3, cssselect 1.0.3, parsel 1.5.1, w3lib 1.20.0, Twisted 18.9.0, Python 3.5.2 (default, Nov 12 2018, 13:43:14) - [GCC 5.4.0 20160609], pyOpenSSL 19.0.0 (OpenSSL 1.0.2g  1 Mar 2016), cryptography 2.6.1, Platform Linux-4.4.0-96-generic-x86_64-with-Ubuntu-16.04-xenial
2019-04-10 15:48:34 [scrapy.crawler] INFO: Overridden settings: {'NEWSPIDER_MODULE': 'CSDN.spiders', 'LOG_LEVEL': 'INFO', 'CONCURRENT_REQUESTS': 10, 'LOG_FILE': 'csdn.log', 'DOWNLOAD_DELAY': 0.5, 'BOT_NAME': 'CSDN', 'SPIDER_MODULES': ['CSDN.spiders']}
2019-04-10 15:48:34 [scrapy.extensions.telnet] INFO: Telnet Password: aa5d184e69cda696
2019-04-10 15:48:34 [scrapy.middleware] INFO: Enabled extensions:
['scrapy.extensions.corestats.CoreStats',
 'scrapy.extensions.telnet.TelnetConsole',
 'scrapy.extensions.logstats.LogStats',
 'scrapy.extensions.memusage.MemoryUsage']
2019-04-10 15:48:34 [scrapy.middleware] INFO: Enabled downloader middlewares:
['scrapy.downloadermiddlewares.httpauth.HttpAuthMiddleware',
 'scrapy.downloadermiddlewares.downloadtimeout.DownloadTimeoutMiddleware',
 'scrapy.downloadermiddlewares.defaultheaders.DefaultHeadersMiddleware',
 'scrapy.downloadermiddlewares.useragent.UserAgentMiddleware',
 'scrapy.downloadermiddlewares.retry.RetryMiddleware',
 'scrapy.downloadermiddlewares.redirect.MetaRefreshMiddleware',
 'scrapy.downloadermiddlewares.httpcompression.HttpCompressionMiddleware',
 'scrapy.downloadermiddlewares.redirect.RedirectMiddleware',
 'scrapy.downloadermiddlewares.cookies.CookiesMiddleware',
 'scrapy.downloadermiddlewares.httpproxy.HttpProxyMiddleware',
 'scrapy.downloadermiddlewares.stats.DownloaderStats']
2019-04-10 15:48:34 [scrapy.middleware] INFO: Enabled spider middlewares:
['scrapy.spidermiddlewares.httperror.HttpErrorMiddleware',
 'scrapy.spidermiddlewares.offsite.OffsiteMiddleware',
 'scrapy.spidermiddlewares.referer.RefererMiddleware',
 'scrapy.spidermiddlewares.urllength.UrlLengthMiddleware',
 'scrapy.spidermiddlewares.depth.DepthMiddleware']
2019-04-10 15:48:34 [scrapy.middleware] INFO: Enabled item pipelines:
['CSDN.pipelines.CsdnPipeline']
2019-04-10 15:48:34 [scrapy.core.engine] INFO: Spider opened
2019-04-10 15:48:34 [scrapy.extensions.logstats] INFO: Crawled 0 pages (at 0 pages/min), scraped 0 items (at 0 items/min)
2019-04-10 15:48:34 [scrapy.extensions.telnet] INFO: Telnet console listening on 127.0.0.1:6023
2019-04-10 15:48:35 [scrapy.core.engine] INFO: Closing spider (finished)
2019-04-10 15:48:35 [scrapy.statscollectors] INFO: Dumping Scrapy stats:
{'downloader/request_bytes': 320,
 'downloader/request_count': 1,
 'downloader/request_method_count/GET': 1,
 'downloader/response_bytes': 38301,
 'downloader/response_count': 1,
 'downloader/response_status_count/200': 1,
 'finish_reason': 'finished',
 'finish_time': datetime.datetime(2019, 4, 10, 7, 48, 35, 280485),
 'item_scraped_count': 1,
 'log_count/INFO': 9,
 'memusage/max': 985333760,
 'memusage/startup': 985333760,
 'response_received_count': 1,
 'scheduler/dequeued': 1,
 'scheduler/dequeued/memory': 1,
 'scheduler/enqueued': 1,
 'scheduler/enqueued/memory': 1,
 'start_time': datetime.datetime(2019, 4, 10, 7, 48, 34, 807885)}
2019-04-10 15:48:35 [scrapy.core.engine] INFO: Spider closed (finished)
